loading bzip2 version 1.0.8
loading libmd version 1.0.3
loading libbsd version 0.11.3
loading expat version 2.4.1
loading ncurses version 6.2
loading readline version 8.1
loading gdbm version 1.19
loading libiconv version 1.16
loading xz version 5.2.5
loading zlib version 1.2.11
loading libxml2 version 2.9.12
loading tar version 1.34
loading gettext version 0.21
loading libffi version 3.3
loading openssl version 1.1.1l
loading sqlite version 3.36.0
loading util-linux-uuid version 2.36.2
loading python version 3.11.0
Requirement already satisfied: networkx==3.2.1 in ./venvs/unity_venv/venv/lib/python3.11/site-packages (from -r requirements.txt (line 1)) (3.2.1)
Requirement already satisfied: numpy==1.26.3 in ./venvs/unity_venv/venv/lib/python3.11/site-packages (from -r requirements.txt (line 2)) (1.26.3)
Requirement already satisfied: pylint==3.0.3 in ./venvs/unity_venv/venv/lib/python3.11/site-packages (from -r requirements.txt (line 3)) (3.0.3)
Requirement already satisfied: sphinx==7.2.6 in ./venvs/unity_venv/venv/lib/python3.11/site-packages (from -r requirements.txt (line 4)) (7.2.6)
Requirement already satisfied: sphinx_rtd_theme==2.0.0 in ./venvs/unity_venv/venv/lib/python3.11/site-packages (from -r requirements.txt (line 5)) (2.0.0)
Requirement already satisfied: pandas==2.2.0 in ./venvs/unity_venv/venv/lib/python3.11/site-packages (from -r requirements.txt (line 6)) (2.2.0)
Requirement already satisfied: openpyxl==3.1.2 in ./venvs/unity_venv/venv/lib/python3.11/site-packages (from -r requirements.txt (line 7)) (3.1.2)
Requirement already satisfied: matplotlib==3.8.2 in ./venvs/unity_venv/venv/lib/python3.11/site-packages (from -r requirements.txt (line 8)) (3.8.2)
Requirement already satisfied: seaborn==0.13.2 in ./venvs/unity_venv/venv/lib/python3.11/site-packages (from -r requirements.txt (line 9)) (0.13.2)
Requirement already satisfied: stable-baselines3==2.2.1 in ./venvs/unity_venv/venv/lib/python3.11/site-packages (from -r requirements.txt (line 10)) (2.2.1)
Requirement already satisfied: gymnasium==0.29.1 in ./venvs/unity_venv/venv/lib/python3.11/site-packages (from -r requirements.txt (line 11)) (0.29.1)
Requirement already satisfied: scikit-learn==1.4.0 in ./venvs/unity_venv/venv/lib/python3.11/site-packages (from -r requirements.txt (line 12)) (1.4.0)
Requirement already satisfied: rl_zoo3==2.2.1 in ./venvs/unity_venv/venv/lib/python3.11/site-packages (from -r requirements.txt (line 13)) (2.2.1)
Requirement already satisfied: torch==2.2.2 in ./venvs/unity_venv/venv/lib/python3.11/site-packages (from -r requirements.txt (line 14)) (2.2.2)
Requirement already satisfied: pip~=22.3.1 in ./venvs/unity_venv/venv/lib/python3.11/site-packages (from -r requirements.txt (line 15)) (22.3.1)
Requirement already satisfied: wheel~=0.38.4 in ./venvs/unity_venv/venv/lib/python3.11/site-packages (from -r requirements.txt (line 16)) (0.38.4)
Requirement already satisfied: pillow~=10.3.0 in ./venvs/unity_venv/venv/lib/python3.11/site-packages (from -r requirements.txt (line 17)) (10.3.0)
Requirement already satisfied: docutils~=0.20.1 in ./venvs/unity_venv/venv/lib/python3.11/site-packages (from -r requirements.txt (line 18)) (0.20.1)
Requirement already satisfied: Jinja2~=3.1.3 in ./venvs/unity_venv/venv/lib/python3.11/site-packages (from -r requirements.txt (line 19)) (3.1.4)
Requirement already satisfied: setuptools~=65.5.1 in ./venvs/unity_venv/venv/lib/python3.11/site-packages (from -r requirements.txt (line 20)) (65.5.1)
Requirement already satisfied: packaging~=24.0 in ./venvs/unity_venv/venv/lib/python3.11/site-packages (from -r requirements.txt (line 21)) (24.0)
Requirement already satisfied: pyparsing~=3.1.2 in ./venvs/unity_venv/venv/lib/python3.11/site-packages (from -r requirements.txt (line 22)) (3.1.2)
Requirement already satisfied: joblib~=1.3.2 in ./venvs/unity_venv/venv/lib/python3.11/site-packages (from -r requirements.txt (line 23)) (1.3.2)
Requirement already satisfied: PyYAML~=6.0.1 in ./venvs/unity_venv/venv/lib/python3.11/site-packages (from -r requirements.txt (line 24)) (6.0.1)
Requirement already satisfied: platformdirs>=2.2.0 in ./venvs/unity_venv/venv/lib/python3.11/site-packages (from pylint==3.0.3->-r requirements.txt (line 3)) (4.2.2)
Requirement already satisfied: astroid<=3.1.0-dev0,>=3.0.1 in ./venvs/unity_venv/venv/lib/python3.11/site-packages (from pylint==3.0.3->-r requirements.txt (line 3)) (3.0.3)
Requirement already satisfied: isort!=5.13.0,<6,>=4.2.5 in ./venvs/unity_venv/venv/lib/python3.11/site-packages (from pylint==3.0.3->-r requirements.txt (line 3)) (5.13.2)
Requirement already satisfied: mccabe<0.8,>=0.6 in ./venvs/unity_venv/venv/lib/python3.11/site-packages (from pylint==3.0.3->-r requirements.txt (line 3)) (0.7.0)
Requirement already satisfied: tomlkit>=0.10.1 in ./venvs/unity_venv/venv/lib/python3.11/site-packages (from pylint==3.0.3->-r requirements.txt (line 3)) (0.12.5)
Requirement already satisfied: dill>=0.3.6 in ./venvs/unity_venv/venv/lib/python3.11/site-packages (from pylint==3.0.3->-r requirements.txt (line 3)) (0.3.8)
Requirement already satisfied: sphinxcontrib-applehelp in ./venvs/unity_venv/venv/lib/python3.11/site-packages (from sphinx==7.2.6->-r requirements.txt (line 4)) (1.0.8)
Requirement already satisfied: sphinxcontrib-devhelp in ./venvs/unity_venv/venv/lib/python3.11/site-packages (from sphinx==7.2.6->-r requirements.txt (line 4)) (1.0.6)
Requirement already satisfied: sphinxcontrib-jsmath in ./venvs/unity_venv/venv/lib/python3.11/site-packages (from sphinx==7.2.6->-r requirements.txt (line 4)) (1.0.1)
Requirement already satisfied: sphinxcontrib-htmlhelp>=2.0.0 in ./venvs/unity_venv/venv/lib/python3.11/site-packages (from sphinx==7.2.6->-r requirements.txt (line 4)) (2.0.5)
Requirement already satisfied: sphinxcontrib-serializinghtml>=1.1.9 in ./venvs/unity_venv/venv/lib/python3.11/site-packages (from sphinx==7.2.6->-r requirements.txt (line 4)) (1.1.10)
Requirement already satisfied: sphinxcontrib-qthelp in ./venvs/unity_venv/venv/lib/python3.11/site-packages (from sphinx==7.2.6->-r requirements.txt (line 4)) (1.0.7)
Requirement already satisfied: Pygments>=2.14 in ./venvs/unity_venv/venv/lib/python3.11/site-packages (from sphinx==7.2.6->-r requirements.txt (line 4)) (2.18.0)
Requirement already satisfied: snowballstemmer>=2.0 in ./venvs/unity_venv/venv/lib/python3.11/site-packages (from sphinx==7.2.6->-r requirements.txt (line 4)) (2.2.0)
Requirement already satisfied: babel>=2.9 in ./venvs/unity_venv/venv/lib/python3.11/site-packages (from sphinx==7.2.6->-r requirements.txt (line 4)) (2.15.0)
Requirement already satisfied: alabaster<0.8,>=0.7 in ./venvs/unity_venv/venv/lib/python3.11/site-packages (from sphinx==7.2.6->-r requirements.txt (line 4)) (0.7.16)
Requirement already satisfied: imagesize>=1.3 in ./venvs/unity_venv/venv/lib/python3.11/site-packages (from sphinx==7.2.6->-r requirements.txt (line 4)) (1.4.1)
Requirement already satisfied: requests>=2.25.0 in ./venvs/unity_venv/venv/lib/python3.11/site-packages (from sphinx==7.2.6->-r requirements.txt (line 4)) (2.31.0)
Requirement already satisfied: sphinxcontrib-jquery<5,>=4 in ./venvs/unity_venv/venv/lib/python3.11/site-packages (from sphinx_rtd_theme==2.0.0->-r requirements.txt (line 5)) (4.1)
Requirement already satisfied: python-dateutil>=2.8.2 in ./venvs/unity_venv/venv/lib/python3.11/site-packages (from pandas==2.2.0->-r requirements.txt (line 6)) (2.9.0.post0)
Requirement already satisfied: pytz>=2020.1 in ./venvs/unity_venv/venv/lib/python3.11/site-packages (from pandas==2.2.0->-r requirements.txt (line 6)) (2024.1)
Requirement already satisfied: tzdata>=2022.7 in ./venvs/unity_venv/venv/lib/python3.11/site-packages (from pandas==2.2.0->-r requirements.txt (line 6)) (2024.1)
Requirement already satisfied: et-xmlfile in ./venvs/unity_venv/venv/lib/python3.11/site-packages (from openpyxl==3.1.2->-r requirements.txt (line 7)) (1.1.0)
Requirement already satisfied: contourpy>=1.0.1 in ./venvs/unity_venv/venv/lib/python3.11/site-packages (from matplotlib==3.8.2->-r requirements.txt (line 8)) (1.2.1)
Requirement already satisfied: cycler>=0.10 in ./venvs/unity_venv/venv/lib/python3.11/site-packages (from matplotlib==3.8.2->-r requirements.txt (line 8)) (0.12.1)
Requirement already satisfied: fonttools>=4.22.0 in ./venvs/unity_venv/venv/lib/python3.11/site-packages (from matplotlib==3.8.2->-r requirements.txt (line 8)) (4.51.0)
Requirement already satisfied: kiwisolver>=1.3.1 in ./venvs/unity_venv/venv/lib/python3.11/site-packages (from matplotlib==3.8.2->-r requirements.txt (line 8)) (1.4.5)
Requirement already satisfied: cloudpickle in ./venvs/unity_venv/venv/lib/python3.11/site-packages (from stable-baselines3==2.2.1->-r requirements.txt (line 10)) (3.0.0)
Requirement already satisfied: typing-extensions>=4.3.0 in ./venvs/unity_venv/venv/lib/python3.11/site-packages (from gymnasium==0.29.1->-r requirements.txt (line 11)) (4.11.0)
Requirement already satisfied: farama-notifications>=0.0.1 in ./venvs/unity_venv/venv/lib/python3.11/site-packages (from gymnasium==0.29.1->-r requirements.txt (line 11)) (0.0.4)
Requirement already satisfied: scipy>=1.6.0 in ./venvs/unity_venv/venv/lib/python3.11/site-packages (from scikit-learn==1.4.0->-r requirements.txt (line 12)) (1.13.0)
Requirement already satisfied: threadpoolctl>=2.0.0 in ./venvs/unity_venv/venv/lib/python3.11/site-packages (from scikit-learn==1.4.0->-r requirements.txt (line 12)) (3.5.0)
Requirement already satisfied: sb3-contrib<3.0,>=2.2.1 in ./venvs/unity_venv/venv/lib/python3.11/site-packages (from rl_zoo3==2.2.1->-r requirements.txt (line 13)) (2.2.1)
Requirement already satisfied: huggingface-sb3<4.0,>=3.0 in ./venvs/unity_venv/venv/lib/python3.11/site-packages (from rl_zoo3==2.2.1->-r requirements.txt (line 13)) (3.0)
Requirement already satisfied: tqdm in ./venvs/unity_venv/venv/lib/python3.11/site-packages (from rl_zoo3==2.2.1->-r requirements.txt (line 13)) (4.66.4)
Requirement already satisfied: rich in ./venvs/unity_venv/venv/lib/python3.11/site-packages (from rl_zoo3==2.2.1->-r requirements.txt (line 13)) (13.7.1)
Requirement already satisfied: optuna>=3.0 in ./venvs/unity_venv/venv/lib/python3.11/site-packages (from rl_zoo3==2.2.1->-r requirements.txt (line 13)) (3.6.1)
Requirement already satisfied: pytablewriter~=1.2 in ./venvs/unity_venv/venv/lib/python3.11/site-packages (from rl_zoo3==2.2.1->-r requirements.txt (line 13)) (1.2.0)
Requirement already satisfied: filelock in ./venvs/unity_venv/venv/lib/python3.11/site-packages (from torch==2.2.2->-r requirements.txt (line 14)) (3.14.0)
Requirement already satisfied: sympy in ./venvs/unity_venv/venv/lib/python3.11/site-packages (from torch==2.2.2->-r requirements.txt (line 14)) (1.12)
Requirement already satisfied: fsspec in ./venvs/unity_venv/venv/lib/python3.11/site-packages (from torch==2.2.2->-r requirements.txt (line 14)) (2024.5.0)
Requirement already satisfied: nvidia-cuda-nvrtc-cu12==12.1.105 in ./venvs/unity_venv/venv/lib/python3.11/site-packages (from torch==2.2.2->-r requirements.txt (line 14)) (12.1.105)
Requirement already satisfied: nvidia-cuda-runtime-cu12==12.1.105 in ./venvs/unity_venv/venv/lib/python3.11/site-packages (from torch==2.2.2->-r requirements.txt (line 14)) (12.1.105)
Requirement already satisfied: nvidia-cuda-cupti-cu12==12.1.105 in ./venvs/unity_venv/venv/lib/python3.11/site-packages (from torch==2.2.2->-r requirements.txt (line 14)) (12.1.105)
Requirement already satisfied: nvidia-cudnn-cu12==8.9.2.26 in ./venvs/unity_venv/venv/lib/python3.11/site-packages (from torch==2.2.2->-r requirements.txt (line 14)) (8.9.2.26)
Requirement already satisfied: nvidia-cublas-cu12==12.1.3.1 in ./venvs/unity_venv/venv/lib/python3.11/site-packages (from torch==2.2.2->-r requirements.txt (line 14)) (12.1.3.1)
Requirement already satisfied: nvidia-cufft-cu12==11.0.2.54 in ./venvs/unity_venv/venv/lib/python3.11/site-packages (from torch==2.2.2->-r requirements.txt (line 14)) (11.0.2.54)
Requirement already satisfied: nvidia-curand-cu12==10.3.2.106 in ./venvs/unity_venv/venv/lib/python3.11/site-packages (from torch==2.2.2->-r requirements.txt (line 14)) (10.3.2.106)
Requirement already satisfied: nvidia-cusolver-cu12==11.4.5.107 in ./venvs/unity_venv/venv/lib/python3.11/site-packages (from torch==2.2.2->-r requirements.txt (line 14)) (11.4.5.107)
Requirement already satisfied: nvidia-cusparse-cu12==12.1.0.106 in ./venvs/unity_venv/venv/lib/python3.11/site-packages (from torch==2.2.2->-r requirements.txt (line 14)) (12.1.0.106)
Requirement already satisfied: nvidia-nccl-cu12==2.19.3 in ./venvs/unity_venv/venv/lib/python3.11/site-packages (from torch==2.2.2->-r requirements.txt (line 14)) (2.19.3)
Requirement already satisfied: nvidia-nvtx-cu12==12.1.105 in ./venvs/unity_venv/venv/lib/python3.11/site-packages (from torch==2.2.2->-r requirements.txt (line 14)) (12.1.105)
Requirement already satisfied: triton==2.2.0 in ./venvs/unity_venv/venv/lib/python3.11/site-packages (from torch==2.2.2->-r requirements.txt (line 14)) (2.2.0)
Requirement already satisfied: nvidia-nvjitlink-cu12 in ./venvs/unity_venv/venv/lib/python3.11/site-packages (from nvidia-cusolver-cu12==11.4.5.107->torch==2.2.2->-r requirements.txt (line 14)) (12.4.127)
Requirement already satisfied: MarkupSafe>=2.0 in ./venvs/unity_venv/venv/lib/python3.11/site-packages (from Jinja2~=3.1.3->-r requirements.txt (line 19)) (2.1.5)
Requirement already satisfied: huggingface-hub~=0.8 in ./venvs/unity_venv/venv/lib/python3.11/site-packages (from huggingface-sb3<4.0,>=3.0->rl_zoo3==2.2.1->-r requirements.txt (line 13)) (0.23.0)
Requirement already satisfied: wasabi in ./venvs/unity_venv/venv/lib/python3.11/site-packages (from huggingface-sb3<4.0,>=3.0->rl_zoo3==2.2.1->-r requirements.txt (line 13)) (1.1.2)
Requirement already satisfied: alembic>=1.5.0 in ./venvs/unity_venv/venv/lib/python3.11/site-packages (from optuna>=3.0->rl_zoo3==2.2.1->-r requirements.txt (line 13)) (1.13.1)
Requirement already satisfied: colorlog in ./venvs/unity_venv/venv/lib/python3.11/site-packages (from optuna>=3.0->rl_zoo3==2.2.1->-r requirements.txt (line 13)) (6.8.2)
Requirement already satisfied: sqlalchemy>=1.3.0 in ./venvs/unity_venv/venv/lib/python3.11/site-packages (from optuna>=3.0->rl_zoo3==2.2.1->-r requirements.txt (line 13)) (2.0.30)
Requirement already satisfied: DataProperty<2,>=1.0.1 in ./venvs/unity_venv/venv/lib/python3.11/site-packages (from pytablewriter~=1.2->rl_zoo3==2.2.1->-r requirements.txt (line 13)) (1.0.1)
Requirement already satisfied: mbstrdecoder<2,>=1.0.0 in ./venvs/unity_venv/venv/lib/python3.11/site-packages (from pytablewriter~=1.2->rl_zoo3==2.2.1->-r requirements.txt (line 13)) (1.1.3)
Requirement already satisfied: pathvalidate<4,>=2.3.0 in ./venvs/unity_venv/venv/lib/python3.11/site-packages (from pytablewriter~=1.2->rl_zoo3==2.2.1->-r requirements.txt (line 13)) (3.2.0)
Requirement already satisfied: tabledata<2,>=1.3.1 in ./venvs/unity_venv/venv/lib/python3.11/site-packages (from pytablewriter~=1.2->rl_zoo3==2.2.1->-r requirements.txt (line 13)) (1.3.3)
Requirement already satisfied: tcolorpy<1,>=0.0.5 in ./venvs/unity_venv/venv/lib/python3.11/site-packages (from pytablewriter~=1.2->rl_zoo3==2.2.1->-r requirements.txt (line 13)) (0.1.6)
Requirement already satisfied: typepy[datetime]<2,>=1.3.2 in ./venvs/unity_venv/venv/lib/python3.11/site-packages (from pytablewriter~=1.2->rl_zoo3==2.2.1->-r requirements.txt (line 13)) (1.3.2)
Requirement already satisfied: six>=1.5 in ./venvs/unity_venv/venv/lib/python3.11/site-packages (from python-dateutil>=2.8.2->pandas==2.2.0->-r requirements.txt (line 6)) (1.16.0)
Requirement already satisfied: charset-normalizer<4,>=2 in ./venvs/unity_venv/venv/lib/python3.11/site-packages (from requests>=2.25.0->sphinx==7.2.6->-r requirements.txt (line 4)) (3.3.2)
Requirement already satisfied: idna<4,>=2.5 in ./venvs/unity_venv/venv/lib/python3.11/site-packages (from requests>=2.25.0->sphinx==7.2.6->-r requirements.txt (line 4)) (3.7)
Requirement already satisfied: urllib3<3,>=1.21.1 in ./venvs/unity_venv/venv/lib/python3.11/site-packages (from requests>=2.25.0->sphinx==7.2.6->-r requirements.txt (line 4)) (2.2.1)
Requirement already satisfied: certifi>=2017.4.17 in ./venvs/unity_venv/venv/lib/python3.11/site-packages (from requests>=2.25.0->sphinx==7.2.6->-r requirements.txt (line 4)) (2024.2.2)
Requirement already satisfied: markdown-it-py>=2.2.0 in ./venvs/unity_venv/venv/lib/python3.11/site-packages (from rich->rl_zoo3==2.2.1->-r requirements.txt (line 13)) (3.0.0)
Requirement already satisfied: mpmath>=0.19 in ./venvs/unity_venv/venv/lib/python3.11/site-packages (from sympy->torch==2.2.2->-r requirements.txt (line 14)) (1.3.0)
Requirement already satisfied: Mako in ./venvs/unity_venv/venv/lib/python3.11/site-packages (from alembic>=1.5.0->optuna>=3.0->rl_zoo3==2.2.1->-r requirements.txt (line 13)) (1.3.5)
slurmstepd-cpu005: error: *** JOB 23139865 ON cpu005 CANCELLED AT 2024-06-03T22:59:27 ***
